<?xml version="1.0" encoding="UTF-8"?>
<!-- Generated by org.testng.reporters.JUnitReportReporter -->
<testsuite hostname="Dagger-PCC" failures="0" tests="2" name="com.dagger.training.Jenkins.LoginTest" time="2.699" errors="0" timestamp="2021-12-07T03:01:59 IST" skipped="0">
  <testcase classname="com.dagger.training.Jenkins.LoginTest" name="navigateBack" time="1.209"/>
  <system-out/>
  <testcase classname="com.dagger.training.Jenkins.LoginTest" name="clickForgotLink" time="1.490"/>
  <system-out/>
</testsuite> <!-- com.dagger.training.Jenkins.LoginTest -->
