<?xml version="1.0" encoding="UTF-8"?>
<!-- Generated by org.testng.reporters.JUnitReportReporter -->
<testsuite hostname="Dagger-PCC" failures="0" tests="1" name="com.dagger.training.Jenkins.LoginTest" time="3.433" errors="0" timestamp="2021-12-07T02:10:14 IST" skipped="0">
  <testcase classname="com.dagger.training.Jenkins.LoginTest" name="clickForgotLink" time="3.433"/>
  <system-out/>
</testsuite> <!-- com.dagger.training.Jenkins.LoginTest -->
